<?xml version="1.0" encoding="UTF-8"?>
<!-- Generated by org.testng.reporters.JUnitReportReporter -->
<testsuite hostname="SHISHIR" failures="0" tests="1" name="com.tutorialsninja.qa.testcases.ShoppingCartTest" time="13.837" errors="0" timestamp="2023-08-26T19:50:04 BDT" skipped="0">
  <testcase classname="com.tutorialsninja.qa.testcases.ShoppingCartTest" name="ShoppingCartPageFillup" time="13.837"/>
  <system-out/>
</testsuite> <!-- com.tutorialsninja.qa.testcases.ShoppingCartTest -->
