<?xml version="1.0" encoding="UTF-8"?>
<!-- Generated by org.testng.reporters.JUnitReportReporter -->
<testsuite hostname="SHISHIR" failures="0" tests="1" name="com.tutorialsninja.qa.testcases.AddToCartTest" time="6.578" errors="0" timestamp="2023-08-26T19:50:04 BDT" skipped="0">
  <testcase classname="com.tutorialsninja.qa.testcases.AddToCartTest" name="AddToCartProduct" time="6.578"/>
  <system-out/>
</testsuite> <!-- com.tutorialsninja.qa.testcases.AddToCartTest -->
